 
****************************************
Report : area
Design : top
Version: T-2022.03
Date   : Tue Sep  3 14:09:02 2024
****************************************

Information: Updating design information... (UID-85)
Library(s) Used:

    SRAM_WC (File: /home/liujiayou/p76131505/sim/SRAM/SRAM_WC.db)
    fsa0m_a_generic_core_ss1p62v125c (File: /usr/cad/CBDK/CBDK018_UMC_Faraday_v1.0/orig_lib/fsa0m_a/2009Q2v2.0/GENERIC_CORE/FrontEnd/synopsys/fsa0m_a_generic_core_ss1p62v125c.db)

Number of ports:                         3009
Number of nets:                         10213
Number of cells:                         7143
Number of combinational cells:           5647
Number of sequential cells:              1465
Number of macros/black boxes:               2
Number of buf/inv:                       1338
Number of references:                       6

Combinational area:             104599.555465
Buf/Inv area:                    15464.635043
Noncombinational area:           86328.850395
Macro/Black Box area:          5344494.500000
Net Interconnect area:      undefined  (Wire load has zero net area)

Total cell area:               5535422.905860
Total area:                 undefined
1
